# JRE version: OpenJDK Runtime Environment (8.0_152-b01) (build 1.8.0_152-release-1343-b01)
# Java VM: OpenJDK 64-Bit Server VM (25.152-b01 mixed mode windows-amd64 compressed oops)
Heap:
 PSYoungGen      total 442368K, used 0K [0x00000000e0000000, 0x0000000100000000, 0x0000000100000000)
  eden space 371200K, 0% used [0x00000000e0000000,0x00000000e0000000,0x00000000f6a80000)
  from space 71168K, 0% used [0x00000000fb400000,0x00000000fb400000,0x00000000ff980000)
  to   space 75264K, 0% used [0x00000000f6a80000,0x00000000f6a80000,0x00000000fb400000)
 ParOldGen       total 400384K, used 85290K [0x00000000a0000000, 0x00000000b8700000, 0x00000000e0000000)
  object space 400384K, 21% used [0x00000000a0000000,0x00000000a534ab78,0x00000000b8700000)
 Metaspace       used 155806K, capacity 164478K, committed 229808K, reserved 1234944K
  class space    used 19143K, capacity 20747K, committed 43440K, reserved 1048576K
GC Heap History (10 events):
Event: 16550.000 GC heap after
Heap after GC invocations=163 (full 15):
 PSYoungGen      total 402944K, used 31654K [0x00000000e0000000, 0x0000000100000000, 0x0000000100000000)
  eden space 327680K, 0% used [0x00000000e0000000,0x00000000e0000000,0x00000000f4000000)
  from space 75264K, 42% used [0x00000000f8700000,0x00000000fa5e98e8,0x00000000fd080000)
  to   space 72704K, 0% used [0x00000000f4000000,0x00000000f4000000,0x00000000f8700000)
 ParOldGen       total 400384K, used 224073K [0x00000000a0000000, 0x00000000b8700000, 0x00000000e0000000)
  object space 400384K, 55% used [0x00000000a0000000,0x00000000adad2630,0x00000000b8700000)
 Metaspace       used 184022K, capacity 194260K, committed 227504K, reserved 1232896K
  class space    used 22751K, capacity 24662K, committed 43440K, reserved 1048576K
}
Event: 16553.377 GC heap before
{Heap before GC invocations=164 (full 15):
 PSYoungGen      total 402944K, used 359334K [0x00000000e0000000, 0x0000000100000000, 0x0000000100000000)
  eden space 327680K, 100% used [0x00000000e0000000,0x00000000f4000000,0x00000000f4000000)
  from space 75264K, 42% used [0x00000000f8700000,0x00000000fa5e98e8,0x00000000fd080000)
  to   space 72704K, 0% used [0x00000000f4000000,0x00000000f4000000,0x00000000f8700000)
 ParOldGen       total 400384K, used 224073K [0x00000000a0000000, 0x00000000b8700000, 0x00000000e0000000)
  object space 400384K, 55% used [0x00000000a0000000,0x00000000adad2630,0x00000000b8700000)
 Metaspace       used 184038K, capacity 194324K, committed 227504K, reserved 1232896K
  class space    used 22751K, capacity 24662K, committed 43440K, reserved 1048576K
Event: 16553.475 GC heap after
Heap after GC invocations=164 (full 15):
 PSYoungGen      total 400384K, used 40843K [0x00000000e0000000, 0x00000000fff80000, 0x0000000100000000)
  eden space 327680K, 0% used [0x00000000e0000000,0x00000000e0000000,0x00000000f4000000)
  from space 72704K, 56% used [0x00000000f4000000,0x00000000f67e2dc0,0x00000000f8700000)
  to   space 73728K, 0% used [0x00000000fb780000,0x00000000fb780000,0x00000000fff80000)
 ParOldGen       total 400384K, used 248356K [0x00000000a0000000, 0x00000000b8700000, 0x00000000e0000000)
  object space 400384K, 62% used [0x00000000a0000000,0x00000000af289120,0x00000000b8700000)
 Metaspace       used 184038K, capacity 194324K, committed 227504K, reserved 1232896K
  class space    used 22751K, capacity 24662K, committed 43440K, reserved 1048576K
}
Event: 16734.928 GC heap before
{Heap before GC invocations=165 (full 15):
 PSYoungGen      total 400384K, used 368523K [0x00000000e0000000, 0x00000000fff80000, 0x0000000100000000)
  eden space 327680K, 100% used [0x00000000e0000000,0x00000000f4000000,0x00000000f4000000)
  from space 72704K, 56% used [0x00000000f4000000,0x00000000f67e2dc0,0x00000000f8700000)
  to   space 73728K, 0% used [0x00000000fb780000,0x00000000fb780000,0x00000000fff80000)
 ParOldGen       total 400384K, used 248356K [0x00000000a0000000, 0x00000000b8700000, 0x00000000e0000000)
  object space 400384K, 62% used [0x00000000a0000000,0x00000000af289120,0x00000000b8700000)
 Metaspace       used 184666K, capacity 194976K, committed 227504K, reserved 1232896K
  class space    used 22813K, capacity 24734K, committed 43440K, reserved 1048576K
Event: 16735.035 GC heap after
Heap after GC invocations=165 (full 15):
 PSYoungGen      total 447488K, used 42275K [0x00000000e0000000, 0x0000000100000000, 0x0000000100000000)
  eden space 373760K, 0% used [0x00000000e0000000,0x00000000e0000000,0x00000000f6d00000)
  from space 73728K, 57% used [0x00000000fb780000,0x00000000fe0c8f80,0x00000000fff80000)
  to   space 75264K, 0% used [0x00000000f6d00000,0x00000000f6d00000,0x00000000fb680000)
 ParOldGen       total 400384K, used 283656K [0x00000000a0000000, 0x00000000b8700000, 0x00000000e0000000)
  object space 400384K, 70% used [0x00000000a0000000,0x00000000b15020e8,0x00000000b8700000)
 Metaspace       used 184666K, capacity 194976K, committed 227504K, reserved 1232896K
  class space    used 22813K, capacity 24734K, committed 43440K, reserved 1048576K
}
Event: 16737.698 GC heap before
{Heap before GC invocations=166 (full 15):
 PSYoungGen      total 447488K, used 416035K [0x00000000e0000000, 0x0000000100000000, 0x0000000100000000)
  eden space 373760K, 100% used [0x00000000e0000000,0x00000000f6d00000,0x00000000f6d00000)
  from space 73728K, 57% used [0x00000000fb780000,0x00000000fe0c8f80,0x00000000fff80000)
  to   space 75264K, 0% used [0x00000000f6d00000,0x00000000f6d00000,0x00000000fb680000)
 ParOldGen       total 400384K, used 283656K [0x00000000a0000000, 0x00000000b8700000, 0x00000000e0000000)
  object space 400384K, 70% used [0x00000000a0000000,0x00000000b15020e8,0x00000000b8700000)
 Metaspace       used 197965K, capacity 208888K, committed 229808K, reserved 1234944K
  class space    used 24499K, capacity 26550K, committed 43440K, reserved 1048576K
Event: 16737.790 GC heap after
Heap after GC invocations=166 (full 15):
 PSYoungGen      total 403968K, used 29705K [0x00000000e0000000, 0x00000000ff980000, 0x0000000100000000)
  eden space 373760K, 0% used [0x00000000e0000000,0x00000000e0000000,0x00000000f6d00000)
  from space 30208K, 98% used [0x00000000f6d00000,0x00000000f8a02528,0x00000000f8a80000)
  to   space 71168K, 0% used [0x00000000fb400000,0x00000000fb400000,0x00000000ff980000)
 ParOldGen       total 400384K, used 323498K [0x00000000a0000000, 0x00000000b8700000, 0x00000000e0000000)
  object space 400384K, 80% used [0x00000000a0000000,0x00000000b3bea800,0x00000000b8700000)
 Metaspace       used 197965K, capacity 208888K, committed 229808K, reserved 1234944K
  class space    used 24499K, capacity 26550K, committed 43440K, reserved 1048576K
}
Event: 16839.309 GC heap before
{Heap before GC invocations=167 (full 15):
 PSYoungGen      total 403968K, used 403465K [0x00000000e0000000, 0x00000000ff980000, 0x0000000100000000)
  eden space 373760K, 100% used [0x00000000e0000000,0x00000000f6d00000,0x00000000f6d00000)
  from space 30208K, 98% used [0x00000000f6d00000,0x00000000f8a02528,0x00000000f8a80000)
  to   space 71168K, 0% used [0x00000000fb400000,0x00000000fb400000,0x00000000ff980000)
 ParOldGen       total 400384K, used 323498K [0x00000000a0000000, 0x00000000b8700000, 0x00000000e0000000)
  object space 400384K, 80% used [0x00000000a0000000,0x00000000b3bea800,0x00000000b8700000)
 Metaspace       used 198021K, capacity 208888K, committed 229808K, reserved 1234944K
  class space    used 24500K, capacity 26550K, committed 43440K, reserved 1048576K
Event: 16839.383 GC heap after
Heap after GC invocations=167 (full 15):
 PSYoungGen      total 442368K, used 51208K [0x00000000e0000000, 0x0000000100000000, 0x0000000100000000)
  eden space 371200K, 0% used [0x00000000e0000000,0x00000000e0000000,0x00000000f6a80000)
  from space 71168K, 71% used [0x00000000fb400000,0x00000000fe602258,0x00000000ff980000)
  to   space 75264K, 0% used [0x00000000f6a80000,0x00000000f6a80000,0x00000000fb400000)
 ParOldGen       total 400384K, used 340679K [0x00000000a0000000, 0x00000000b8700000, 0x00000000e0000000)
  object space 400384K, 85% used [0x00000000a0000000,0x00000000b4cb1eb0,0x00000000b8700000)
 Metaspace       used 198021K, capacity 208888K, committed 229808K, reserved 1234944K
  class space    used 24500K, capacity 26550K, committed 43440K, reserved 1048576K
}
Event: 16839.383 GC heap before
{Heap before GC invocations=168 (full 16):
 PSYoungGen      total 442368K, used 51208K [0x00000000e0000000, 0x0000000100000000, 0x0000000100000000)
  eden space 371200K, 0% used [0x00000000e0000000,0x00000000e0000000,0x00000000f6a80000)
  from space 71168K, 71% used [0x00000000fb400000,0x00000000fe602258,0x00000000ff980000)
  to   space 75264K, 0% used [0x00000000f6a80000,0x00000000f6a80000,0x00000000fb400000)
 ParOldGen       total 400384K, used 340679K [0x00000000a0000000, 0x00000000b8700000, 0x00000000e0000000)
  object space 400384K, 85% used [0x00000000a0000000,0x00000000b4cb1eb0,0x00000000b8700000)
 Metaspace       used 198021K, capacity 208888K, committed 229808K, reserved 1234944K
  class space    used 24500K, capacity 26550K, committed 43440K, reserved 1048576K

